<?xml version="1.0" encoding="UTF-8"?>
<testsuite name="com.example.capstoneandroidexpert.core.data.MovieRepositoryTest" tests="3" skipped="0" failures="0" errors="0" timestamp="2026-06-06T16:34:18.871Z" hostname="Dimass-MacBook-Air.local" time="4.04">
  <properties/>
  <testcase name="getFavoriteMovie returns mapped domain list" classname="com.example.capstoneandroidexpert.core.data.MovieRepositoryTest" time="3.584"/>
  <testcase name="getFavoriteMovie returns empty list when no favorites" classname="com.example.capstoneandroidexpert.core.data.MovieRepositoryTest" time="0.01"/>
  <testcase name="setFavoriteMovie executes on disk IO executor" classname="com.example.capstoneandroidexpert.core.data.MovieRepositoryTest" time="0.438"/>
  <system-out><![CDATA[]]></system-out>
  <system-err><![CDATA[WARNING: A Java agent has been loaded dynamically (/Users/dimasfahrul/.gradle/caches/9.4.1/transforms/d90fea7852667368b905a21e031e7186/transformed/jetified-byte-buddy-agent-1.14.6.jar)
WARNING: If a serviceability tool is in use, please run with -XX:+EnableDynamicAgentLoading to hide this warning
WARNING: If a serviceability tool is not in use, please run with -Djdk.instrument.traceUsage for more information
WARNING: Dynamic loading of agents will be disallowed by default in a future release
]]></system-err>
</testsuite>
