<?xml version="1.0" encoding="UTF-8"?>
<testsuite name="com.example.capstoneandroidexpert.core.domain.usecase.MovieInteractorTest" tests="6" skipped="0" failures="0" errors="0" timestamp="2026-06-06T16:34:22.919Z" hostname="Dimass-MacBook-Air.local" time="0.158">
  <properties/>
  <testcase name="getFavoriteMovie delegates to repository" classname="com.example.capstoneandroidexpert.core.domain.usecase.MovieInteractorTest" time="0.086"/>
  <testcase name="getPopularMovies delegates to repository" classname="com.example.capstoneandroidexpert.core.domain.usecase.MovieInteractorTest" time="0.01"/>
  <testcase name="setFavoriteMovie delegates to repository" classname="com.example.capstoneandroidexpert.core.domain.usecase.MovieInteractorTest" time="0.031"/>
  <testcase name="searchMovies delegates to repository with query" classname="com.example.capstoneandroidexpert.core.domain.usecase.MovieInteractorTest" time="0.012"/>
  <testcase name="getNowPlayingMovies delegates to repository" classname="com.example.capstoneandroidexpert.core.domain.usecase.MovieInteractorTest" time="0.01"/>
  <testcase name="getAllMovie delegates to repository" classname="com.example.capstoneandroidexpert.core.domain.usecase.MovieInteractorTest" time="0.009"/>
  <system-out><![CDATA[]]></system-out>
  <system-err><![CDATA[]]></system-err>
</testsuite>
